

Started GET "/assets/rails.png" for 187.190.184.106 at 2024-06-21 03:49:40 +0000

ActiveRecord::ConnectionNotEstablished (ActiveRecord::ConnectionNotEstablished):
  activerecord (3.2.12) lib/active_record/connection_adapters/abstract/connection_pool.rb:410:in `retrieve_connection'
  activerecord (3.2.12) lib/active_record/connection_adapters/abstract/connection_specification.rb:171:in `retrieve_connection'
  activerecord (3.2.12) lib/active_record/connection_adapters/abstract/connection_specification.rb:145:in `connection'
  activerecord (3.2.12) lib/active_record/query_cache.rb:67:in `rescue in call'
  activerecord (3.2.12) lib/active_record/query_cache.rb:61:in `call'
  activerecord (3.2.12) lib/active_record/connection_adapters/abstract/connection_pool.rb:479:in `call'
  actionpack (3.2.12) lib/action_dispatch/middleware/callbacks.rb:28:in `block in call'
  activesupport (3.2.12) lib/active_support/callbacks.rb:405:in `_run__2142874643553673243__call__3912155268569446501__callbacks'
  activesupport (3.2.12) lib/active_support/callbacks.rb:405:in `__run_callback'
  activesupport (3.2.12) lib/active_support/callbacks.rb:385:in `_run_call_callbacks'
  activesupport (3.2.12) lib/active_support/callbacks.rb:81:in `run_callbacks'
  actionpack (3.2.12) lib/action_dispatch/middleware/callbacks.rb:27:in `call'
  actionpack (3.2.12) lib/action_dispatch/middleware/reloader.rb:65:in `call'
  actionpack (3.2.12) lib/action_dispatch/middleware/remote_ip.rb:31:in `call'
  actionpack (3.2.12) lib/action_dispatch/middleware/debug_exceptions.rb:16:in `call'
  actionpack (3.2.12) lib/action_dispatch/middleware/show_exceptions.rb:56:in `call'
  railties (3.2.12) lib/rails/rack/logger.rb:32:in `call_app'
  railties (3.2.12) lib/rails/rack/logger.rb:16:in `block in call'
  activesupport (3.2.12) lib/active_support/tagged_logging.rb:22:in `tagged'
  railties (3.2.12) lib/rails/rack/logger.rb:16:in `call'
  actionpack (3.2.12) lib/action_dispatch/middleware/request_id.rb:22:in `call'
  rack (1.4.7) lib/rack/methodoverride.rb:21:in `call'
  rack (1.4.7) lib/rack/runtime.rb:17:in `call'
  activesupport (3.2.12) lib/active_support/cache/strategy/local_cache.rb:72:in `call'
  rack (1.4.7) lib/rack/lock.rb:15:in `call'
  actionpack (3.2.12) lib/action_dispatch/middleware/static.rb:62:in `call'
  railties (3.2.12) lib/rails/engine.rb:479:in `call'
  railties (3.2.12) lib/rails/application.rb:223:in `call'
  rack (1.4.7) lib/rack/content_length.rb:14:in `call'
  railties (3.2.12) lib/rails/rack/log_tailer.rb:17:in `call'
  rack (1.4.7) lib/rack/handler/webrick.rb:59:in `service'
  /opt/rubies/ruby-1.9.3-p551/lib/ruby/1.9.1/webrick/httpserver.rb:138:in `service'
  /opt/rubies/ruby-1.9.3-p551/lib/ruby/1.9.1/webrick/httpserver.rb:94:in `run'
  /opt/rubies/ruby-1.9.3-p551/lib/ruby/1.9.1/webrick/server.rb:191:in `block in start_thread'


  Rendered /opt/rubies/ruby-1.9.3-p551/lib/ruby/gems/1.9.1/gems/actionpack-3.2.12/lib/action_dispatch/middleware/templates/rescues/_trace.erb (11.7ms)
  Rendered /opt/rubies/ruby-1.9.3-p551/lib/ruby/gems/1.9.1/gems/actionpack-3.2.12/lib/action_dispatch/middleware/templates/rescues/_request_and_response.erb (1.7ms)
  Rendered /opt/rubies/ruby-1.9.3-p551/lib/ruby/gems/1.9.1/gems/actionpack-3.2.12/lib/action_dispatch/middleware/templates/rescues/diagnostics.erb within rescues/layout (19.0ms)


Started GET "/" for 187.190.184.106 at 2024-06-21 03:53:48 +0000

ActiveRecord::ConnectionNotEstablished (ActiveRecord::ConnectionNotEstablished):
  activerecord (3.2.12) lib/active_record/connection_adapters/abstract/connection_pool.rb:410:in `retrieve_connection'
  activerecord (3.2.12) lib/active_record/connection_adapters/abstract/connection_specification.rb:171:in `retrieve_connection'
  activerecord (3.2.12) lib/active_record/connection_adapters/abstract/connection_specification.rb:145:in `connection'
  activerecord (3.2.12) lib/active_record/query_cache.rb:67:in `rescue in call'
  activerecord (3.2.12) lib/active_record/query_cache.rb:61:in `call'
  activerecord (3.2.12) lib/active_record/connection_adapters/abstract/connection_pool.rb:479:in `call'
  actionpack (3.2.12) lib/action_dispatch/middleware/callbacks.rb:28:in `block in call'
  activesupport (3.2.12) lib/active_support/callbacks.rb:405:in `_run__3687058491680601665__call__2596082008901931106__callbacks'
  activesupport (3.2.12) lib/active_support/callbacks.rb:405:in `__run_callback'
  activesupport (3.2.12) lib/active_support/callbacks.rb:385:in `_run_call_callbacks'
  activesupport (3.2.12) lib/active_support/callbacks.rb:81:in `run_callbacks'
  actionpack (3.2.12) lib/action_dispatch/middleware/callbacks.rb:27:in `call'
  actionpack (3.2.12) lib/action_dispatch/middleware/reloader.rb:65:in `call'
  actionpack (3.2.12) lib/action_dispatch/middleware/remote_ip.rb:31:in `call'
  actionpack (3.2.12) lib/action_dispatch/middleware/debug_exceptions.rb:16:in `call'
  actionpack (3.2.12) lib/action_dispatch/middleware/show_exceptions.rb:56:in `call'
  railties (3.2.12) lib/rails/rack/logger.rb:32:in `call_app'
  railties (3.2.12) lib/rails/rack/logger.rb:16:in `block in call'
  activesupport (3.2.12) lib/active_support/tagged_logging.rb:22:in `tagged'
  railties (3.2.12) lib/rails/rack/logger.rb:16:in `call'
  actionpack (3.2.12) lib/action_dispatch/middleware/request_id.rb:22:in `call'
  rack (1.4.7) lib/rack/methodoverride.rb:21:in `call'
  rack (1.4.7) lib/rack/runtime.rb:17:in `call'
  activesupport (3.2.12) lib/active_support/cache/strategy/local_cache.rb:72:in `call'
  rack (1.4.7) lib/rack/lock.rb:15:in `call'
  actionpack (3.2.12) lib/action_dispatch/middleware/static.rb:62:in `call'
  railties (3.2.12) lib/rails/engine.rb:479:in `call'
  railties (3.2.12) lib/rails/application.rb:223:in `call'
  rack (1.4.7) lib/rack/content_length.rb:14:in `call'
  railties (3.2.12) lib/rails/rack/log_tailer.rb:17:in `call'
  rack (1.4.7) lib/rack/handler/webrick.rb:59:in `service'
  /opt/rubies/ruby-1.9.3-p551/lib/ruby/1.9.1/webrick/httpserver.rb:138:in `service'
  /opt/rubies/ruby-1.9.3-p551/lib/ruby/1.9.1/webrick/httpserver.rb:94:in `run'
  /opt/rubies/ruby-1.9.3-p551/lib/ruby/1.9.1/webrick/server.rb:191:in `block in start_thread'


  Rendered /opt/rubies/ruby-1.9.3-p551/lib/ruby/gems/1.9.1/gems/actionpack-3.2.12/lib/action_dispatch/middleware/templates/rescues/_trace.erb (13.5ms)
  Rendered /opt/rubies/ruby-1.9.3-p551/lib/ruby/gems/1.9.1/gems/actionpack-3.2.12/lib/action_dispatch/middleware/templates/rescues/_request_and_response.erb (1.9ms)
  Rendered /opt/rubies/ruby-1.9.3-p551/lib/ruby/gems/1.9.1/gems/actionpack-3.2.12/lib/action_dispatch/middleware/templates/rescues/diagnostics.erb within rescues/layout (20.8ms)


Started GET "/" for 187.190.184.106 at 2024-06-21 04:06:55 +0000

ActionController::RoutingError (uninitialized constant HomeController):
  activesupport (3.2.12) lib/active_support/inflector/methods.rb:230:in `block in constantize'
  activesupport (3.2.12) lib/active_support/inflector/methods.rb:229:in `each'
  activesupport (3.2.12) lib/active_support/inflector/methods.rb:229:in `constantize'
  actionpack (3.2.12) lib/action_dispatch/routing/route_set.rb:69:in `controller_reference'
  actionpack (3.2.12) lib/action_dispatch/routing/route_set.rb:54:in `controller'
  actionpack (3.2.12) lib/action_dispatch/routing/route_set.rb:32:in `call'
  journey (1.0.4) lib/journey/router.rb:68:in `block in call'
  journey (1.0.4) lib/journey/router.rb:56:in `each'
  journey (1.0.4) lib/journey/router.rb:56:in `call'
  actionpack (3.2.12) lib/action_dispatch/routing/route_set.rb:601:in `call'
  actionpack (3.2.12) lib/action_dispatch/middleware/best_standards_support.rb:17:in `call'
  rack (1.4.7) lib/rack/etag.rb:23:in `call'
  rack (1.4.7) lib/rack/conditionalget.rb:25:in `call'
  actionpack (3.2.12) lib/action_dispatch/middleware/head.rb:14:in `call'
  actionpack (3.2.12) lib/action_dispatch/middleware/params_parser.rb:21:in `call'
  actionpack (3.2.12) lib/action_dispatch/middleware/flash.rb:242:in `call'
  rack (1.4.7) lib/rack/session/abstract/id.rb:210:in `context'
  rack (1.4.7) lib/rack/session/abstract/id.rb:205:in `call'
  actionpack (3.2.12) lib/action_dispatch/middleware/cookies.rb:341:in `call'
  actionpack (3.2.12) lib/action_dispatch/middleware/callbacks.rb:28:in `block in call'
  activesupport (3.2.12) lib/active_support/callbacks.rb:405:in `_run__446418123985927945__call__3627742116345109253__callbacks'
  activesupport (3.2.12) lib/active_support/callbacks.rb:405:in `__run_callback'
  activesupport (3.2.12) lib/active_support/callbacks.rb:385:in `_run_call_callbacks'
  activesupport (3.2.12) lib/active_support/callbacks.rb:81:in `run_callbacks'
  actionpack (3.2.12) lib/action_dispatch/middleware/callbacks.rb:27:in `call'
  actionpack (3.2.12) lib/action_dispatch/middleware/reloader.rb:65:in `call'
  actionpack (3.2.12) lib/action_dispatch/middleware/remote_ip.rb:31:in `call'
  actionpack (3.2.12) lib/action_dispatch/middleware/debug_exceptions.rb:16:in `call'
  actionpack (3.2.12) lib/action_dispatch/middleware/show_exceptions.rb:56:in `call'
  railties (3.2.12) lib/rails/rack/logger.rb:32:in `call_app'
  railties (3.2.12) lib/rails/rack/logger.rb:16:in `block in call'
  activesupport (3.2.12) lib/active_support/tagged_logging.rb:22:in `tagged'
  railties (3.2.12) lib/rails/rack/logger.rb:16:in `call'
  actionpack (3.2.12) lib/action_dispatch/middleware/request_id.rb:22:in `call'
  rack (1.4.7) lib/rack/methodoverride.rb:21:in `call'
  rack (1.4.7) lib/rack/runtime.rb:17:in `call'
  activesupport (3.2.12) lib/active_support/cache/strategy/local_cache.rb:72:in `call'
  rack (1.4.7) lib/rack/lock.rb:15:in `call'
  actionpack (3.2.12) lib/action_dispatch/middleware/static.rb:62:in `call'
  railties (3.2.12) lib/rails/engine.rb:479:in `call'
  railties (3.2.12) lib/rails/application.rb:223:in `call'
  rack (1.4.7) lib/rack/content_length.rb:14:in `call'
  railties (3.2.12) lib/rails/rack/log_tailer.rb:17:in `call'
  rack (1.4.7) lib/rack/handler/webrick.rb:59:in `service'
  /opt/rubies/ruby-1.9.3-p551/lib/ruby/1.9.1/webrick/httpserver.rb:138:in `service'
  /opt/rubies/ruby-1.9.3-p551/lib/ruby/1.9.1/webrick/httpserver.rb:94:in `run'
  /opt/rubies/ruby-1.9.3-p551/lib/ruby/1.9.1/webrick/server.rb:191:in `block in start_thread'


  Rendered /opt/rubies/ruby-1.9.3-p551/lib/ruby/gems/1.9.1/gems/actionpack-3.2.12/lib/action_dispatch/middleware/templates/rescues/routing_error.erb within rescues/layout (1.7ms)


Started GET "/" for 187.190.184.106 at 2024-06-21 04:08:37 +0000
Processing by HomeController#index as HTML
  Rendered home/index.html.erb within layouts/application (1.5ms)
Compiled application.css  (0ms)  (pid 13216)
Compiled jquery.js  (12ms)  (pid 13216)
Compiled jquery_ujs.js  (0ms)  (pid 13216)
Compiled application.js  (23ms)  (pid 13216)
Completed 200 OK in 84ms (Views: 83.9ms)


Started GET "/assets/application-92c1e646f8c75681ee0dd45933a44dc3.css?body=1" for 187.190.184.106 at 2024-06-21 04:08:37 +0000
Served asset /application-92c1e646f8c75681ee0dd45933a44dc3.css - 200 OK (0ms)


Started GET "/assets/application-059cc437b3074f7b01120d072c3ca8b2.js?body=1" for 187.190.184.106 at 2024-06-21 04:08:37 +0000
Served asset /application-059cc437b3074f7b01120d072c3ca8b2.js - 200 OK (0ms)


Started GET "/assets/jquery_ujs-7a154564bccbf9766cff556e2fb263d5.js?body=1" for 187.190.184.106 at 2024-06-21 04:08:37 +0000
Served asset /jquery_ujs-7a154564bccbf9766cff556e2fb263d5.js - 200 OK (0ms)


Started GET "/assets/jquery-b991f71a652a8667a277f1f4a4559358.js?body=1" for 187.190.184.106 at 2024-06-21 04:08:37 +0000
Served asset /jquery-b991f71a652a8667a277f1f4a4559358.js - 200 OK (0ms)


Started GET "/" for 187.190.184.106 at 2024-06-21 04:40:03 +0000
Processing by HomeController#index as HTML
  Rendered home/index.html.erb within layouts/application (1.8ms)
Completed 200 OK in 71ms (Views: 71.0ms)


Started GET "/" for 187.190.184.106 at 2024-06-21 13:05:42 +0000

LoadError (Expected /home/centos/jh-cap-poc/app/config/application.rb to define Application):
  app/controllers/application_controller.rb:1:in `<top (required)>'
  app/controllers/home_controller.rb:2:in `<top (required)>'


  Rendered /opt/rubies/ruby-1.9.3-p551/lib/ruby/gems/1.9.1/gems/actionpack-3.2.12/lib/action_dispatch/middleware/templates/rescues/_trace.erb (0.9ms)
  Rendered /opt/rubies/ruby-1.9.3-p551/lib/ruby/gems/1.9.1/gems/actionpack-3.2.12/lib/action_dispatch/middleware/templates/rescues/_request_and_response.erb (2.0ms)
  Rendered /opt/rubies/ruby-1.9.3-p551/lib/ruby/gems/1.9.1/gems/actionpack-3.2.12/lib/action_dispatch/middleware/templates/rescues/diagnostics.erb within rescues/layout (8.9ms)


Started GET "/" for 187.190.4.233 at 2024-06-21 21:55:38 +0000

LoadError (Expected /home/centos/jh-cap-poc/app/config/application.rb to define Application):
  app/controllers/application_controller.rb:1:in `<top (required)>'
  app/controllers/home_controller.rb:2:in `<top (required)>'


  Rendered /opt/rubies/ruby-1.9.3-p551/lib/ruby/gems/1.9.1/gems/actionpack-3.2.12/lib/action_dispatch/middleware/templates/rescues/_trace.erb (0.7ms)
  Rendered /opt/rubies/ruby-1.9.3-p551/lib/ruby/gems/1.9.1/gems/actionpack-3.2.12/lib/action_dispatch/middleware/templates/rescues/_request_and_response.erb (1.5ms)
  Rendered /opt/rubies/ruby-1.9.3-p551/lib/ruby/gems/1.9.1/gems/actionpack-3.2.12/lib/action_dispatch/middleware/templates/rescues/diagnostics.erb within rescues/layout (7.2ms)


Started GET "/" for 187.190.184.106 at 2024-06-26 23:26:09 +0000

LoadError (Expected /home/centos/jh-cap-poc/app/config/application.rb to define Application):
  app/controllers/application_controller.rb:1:in `<top (required)>'
  app/controllers/home_controller.rb:2:in `<top (required)>'


  Rendered /opt/rubies/ruby-1.9.3-p551/lib/ruby/gems/1.9.1/gems/actionpack-3.2.12/lib/action_dispatch/middleware/templates/rescues/_trace.erb (0.8ms)
  Rendered /opt/rubies/ruby-1.9.3-p551/lib/ruby/gems/1.9.1/gems/actionpack-3.2.12/lib/action_dispatch/middleware/templates/rescues/_request_and_response.erb (1.8ms)
  Rendered /opt/rubies/ruby-1.9.3-p551/lib/ruby/gems/1.9.1/gems/actionpack-3.2.12/lib/action_dispatch/middleware/templates/rescues/diagnostics.erb within rescues/layout (8.2ms)


Started GET "/" for 187.190.184.106 at 2024-06-26 23:26:11 +0000
Processing by HomeController#index as HTML
  Rendered home/index.html.erb within layouts/application (0.2ms)
Completed 200 OK in 22ms (Views: 22.0ms)


Started GET "/assets/application-92c1e646f8c75681ee0dd45933a44dc3.css?body=1" for 187.190.184.106 at 2024-06-26 23:26:11 +0000
Served asset /application-92c1e646f8c75681ee0dd45933a44dc3.css - 200 OK (0ms)


Started GET "/assets/application-059cc437b3074f7b01120d072c3ca8b2.js?body=1" for 187.190.184.106 at 2024-06-26 23:26:11 +0000
Served asset /application-059cc437b3074f7b01120d072c3ca8b2.js - 200 OK (0ms)


Started GET "/assets/jquery-b991f71a652a8667a277f1f4a4559358.js?body=1" for 187.190.184.106 at 2024-06-26 23:26:11 +0000
Served asset /jquery-b991f71a652a8667a277f1f4a4559358.js - 200 OK (0ms)


Started GET "/assets/jquery_ujs-7a154564bccbf9766cff556e2fb263d5.js?body=1" for 187.190.184.106 at 2024-06-26 23:26:11 +0000
Served asset /jquery_ujs-7a154564bccbf9766cff556e2fb263d5.js - 200 OK (0ms)
Connecting to database specified by database.yml
  [1m[36m (24.1ms)[0m  [1mCREATE TABLE `schema_migrations` (`version` varchar(255) NOT NULL) ENGINE=InnoDB[0m
  [1m[35m (49.9ms)[0m  CREATE UNIQUE INDEX `unique_schema_migrations` ON `schema_migrations` (`version`)
  [1m[36m (10.4ms)[0m  [1mSELECT `schema_migrations`.`version` FROM `schema_migrations` [0m
Migrating to AddEmailToUsers (20240701000001)
Connecting to database specified by database.yml
  [1m[36m (4.8ms)[0m  [1mSELECT `schema_migrations`.`version` FROM `schema_migrations` [0m
Migrating to AddEmailToUsers (20240701000001)
  [1m[35m (2.5ms)[0m  ALTER TABLE `users` ADD `email` varchar(255)
Mysql2::Error: Table 'matrix_development.users' doesn't exist: ALTER TABLE `users` ADD `email` varchar(255)
Connecting to database specified by database.yml
  [1m[36m (4.6ms)[0m  [1mSELECT `schema_migrations`.`version` FROM `schema_migrations` [0m
Migrating to CreateUsers (20240701000001)
Connecting to database specified by database.yml
  [1m[36m (23.3ms)[0m  [1mCREATE TABLE `schema_migrations` (`version` varchar(255) NOT NULL) ENGINE=InnoDB[0m
  [1m[35m (39.8ms)[0m  CREATE UNIQUE INDEX `unique_schema_migrations` ON `schema_migrations` (`version`)
  [1m[36m (4.6ms)[0m  [1mSELECT `schema_migrations`.`version` FROM `schema_migrations` [0m
Migrating to CreateUsers (20240701000001)
Connecting to database specified by database.yml
  [1m[36m (4.5ms)[0m  [1mSELECT `schema_migrations`.`version` FROM `schema_migrations` [0m
Migrating to CreateUsers (20240701000001)
  [1m[35m (2.9ms)[0m  CREATE TABLE `users` (`id` int(11) DEFAULT NULL auto_increment PRIMARY KEY, `name` varchar(255), `email` varchar(255), `age` int(11), `created_at` datetime NOT NULL, `updated_at` datetime NOT NULL) ENGINE=InnoDB
Mysql2::Error: All parts of a PRIMARY KEY must be NOT NULL; if you need NULL in a key, use UNIQUE instead: CREATE TABLE `users` (`id` int(11) DEFAULT NULL auto_increment PRIMARY KEY, `name` varchar(255), `email` varchar(255), `age` int(11), `created_at` datetime NOT NULL, `updated_at` datetime NOT NULL) ENGINE=InnoDB
Connecting to database specified by database.yml
  [1m[36m (4.8ms)[0m  [1mSELECT `schema_migrations`.`version` FROM `schema_migrations` [0m
Migrating to CreateUsers (20240701000001)
  [1m[35m (4.4ms)[0m  CREATE TABLE `users` (`id` int(11) DEFAULT NULL auto_increment PRIMARY KEY, `name` varchar(255), `email` varchar(255), `age` int(11), `created_at` datetime NOT NULL, `updated_at` datetime NOT NULL) ENGINE=InnoDB
Mysql2::Error: All parts of a PRIMARY KEY must be NOT NULL; if you need NULL in a key, use UNIQUE instead: CREATE TABLE `users` (`id` int(11) DEFAULT NULL auto_increment PRIMARY KEY, `name` varchar(255), `email` varchar(255), `age` int(11), `created_at` datetime NOT NULL, `updated_at` datetime NOT NULL) ENGINE=InnoDB
Connecting to database specified by database.yml
  [1m[36m (4.6ms)[0m  [1mSELECT `schema_migrations`.`version` FROM `schema_migrations` [0m
Migrating to CreateUsers (20240701000001)
  [1m[35m (1.8ms)[0m  CREATE TABLE `users` (`id` int(11) DEFAULT NULL auto_increment PRIMARY KEY, `name` varchar(255), `email` varchar(255), `age` int(11), `created_at` datetime NOT NULL, `updated_at` datetime NOT NULL) ENGINE=InnoDB
Mysql2::Error: All parts of a PRIMARY KEY must be NOT NULL; if you need NULL in a key, use UNIQUE instead: CREATE TABLE `users` (`id` int(11) DEFAULT NULL auto_increment PRIMARY KEY, `name` varchar(255), `email` varchar(255), `age` int(11), `created_at` datetime NOT NULL, `updated_at` datetime NOT NULL) ENGINE=InnoDB
Connecting to database specified by database.yml
  [1m[36m (4.7ms)[0m  [1mSELECT `schema_migrations`.`version` FROM `schema_migrations` [0m
Migrating to CreateUsers (20240701000001)
Connecting to database specified by database.yml
  [1m[36m (4.9ms)[0m  [1mSELECT `schema_migrations`.`version` FROM `schema_migrations` [0m
Migrating to CreateUsers (20240701000001)
Connecting to database specified by database.yml
  [1m[36m (4.6ms)[0m  [1mSELECT `schema_migrations`.`version` FROM `schema_migrations` [0m
Migrating to CreateUsers (20240701000001)
  [1m[35m (25.3ms)[0m   CREATE TABLE users (
 id INT AUTO_INCREMENT PRIMARY KEY,
 name VARCHAR(255),
 email VARCHAR(255),
 age INT,
 created_at DATETIME NOT NULL,
 updated_at DATETIME NOT NULL
 ) ENGINE=InnoDB

  [1m[36m (4.2ms)[0m  [1mINSERT INTO `schema_migrations` (`version`) VALUES ('20240701000001')[0m
  [1m[35m (1.2ms)[0m  SELECT `schema_migrations`.`version` FROM `schema_migrations` 
